
[22.10.2013 - 15:17:27][NOTICE] - /hotel/
[22.10.2013 - 15:17:27][NOTICE] - match: / with /
[22.10.2013 - 15:18:34][NOTICE] - /hotel/
[22.10.2013 - 15:18:34][NOTICE] - match: / with /
[22.10.2013 - 15:18:36][NOTICE] - /hotel/acomodacoes/triplo
[22.10.2013 - 15:18:36][NOTICE] - match: /acomodacoes/:type with /acomodacoes/triplo
[22.10.2013 - 15:18:36][NOTICE] - Aberta conexão com banco de dados!
[22.10.2013 - 15:18:36][NOTICE] - Aberta conexão com banco de dados!
[22.10.2013 - 15:18:37][NOTICE] - /hotel/sobre
[22.10.2013 - 15:18:37][NOTICE] - match: /sobre with /sobre
[22.10.2013 - 15:18:38][NOTICE] - /hotel/fale-conosco
[22.10.2013 - 15:18:38][NOTICE] - match: /fale-conosco with /fale-conosco
[22.10.2013 - 15:18:41][NOTICE] - /hotel/acomodacoes/individual
[22.10.2013 - 15:18:41][NOTICE] - match: /acomodacoes/:type with /acomodacoes/individual
[22.10.2013 - 15:18:41][NOTICE] - Aberta conexão com banco de dados!
[22.10.2013 - 15:18:41][NOTICE] - Aberta conexão com banco de dados!
[22.10.2013 - 15:19:04][NOTICE] - /hotel/login
[22.10.2013 - 15:19:04][NOTICE] - match: /login with /login
[22.10.2013 - 15:19:46][NOTICE] - /hotel/login
[22.10.2013 - 15:19:46][NOTICE] - match: /login with /login
[22.10.2013 - 15:19:47][NOTICE] - /hotel/login
[22.10.2013 - 15:19:47][NOTICE] - match: /login with /login
[22.10.2013 - 15:19:48][NOTICE] - /hotel/fale-conosco
[22.10.2013 - 15:19:48][NOTICE] - match: /fale-conosco with /fale-conosco
[22.10.2013 - 15:19:50][NOTICE] - /hotel/sobre
[22.10.2013 - 15:19:50][NOTICE] - match: /sobre with /sobre
[22.10.2013 - 15:19:52][NOTICE] - /hotel/acomodacoes/duplo
[22.10.2013 - 15:19:52][NOTICE] - match: /acomodacoes/:type with /acomodacoes/duplo
[22.10.2013 - 15:19:52][NOTICE] - Aberta conexão com banco de dados!
[22.10.2013 - 15:19:52][NOTICE] - Aberta conexão com banco de dados!
[22.10.2013 - 15:19:53][NOTICE] - /hotel/
[22.10.2013 - 15:19:53][NOTICE] - match: / with /
[22.10.2013 - 15:19:54][NOTICE] - /hotel/login
[22.10.2013 - 15:19:54][NOTICE] - match: /login with /login
[22.10.2013 - 15:19:54][NOTICE] - /hotel/login
[22.10.2013 - 15:19:54][NOTICE] - match: /login with /login
[22.10.2013 - 15:20:36][NOTICE] - /hotel/login
[22.10.2013 - 15:20:36][NOTICE] - match: /login with /login
[22.10.2013 - 15:20:36][NOTICE] - Aberta conexão com banco de dados!
[22.10.2013 - 15:21:51][NOTICE] - /hotel/login
[22.10.2013 - 15:21:51][NOTICE] - match: /login with /login
[22.10.2013 - 15:21:51][NOTICE] - Aberta conexão com banco de dados!
[22.10.2013 - 15:23:49][NOTICE] - /hotel/login
[22.10.2013 - 15:23:49][NOTICE] - match: /login with /login
[22.10.2013 - 15:24:05][NOTICE] - /hotel/login
[22.10.2013 - 15:24:05][NOTICE] - match: /login with /login
[22.10.2013 - 15:24:05][NOTICE] - Aberta conexão com banco de dados!
[22.10.2013 - 15:24:21][NOTICE] - /hotel/login
[22.10.2013 - 15:24:21][NOTICE] - match: /login with /login
[22.10.2013 - 15:24:21][NOTICE] - Aberta conexão com banco de dados!
[22.10.2013 - 15:24:23][NOTICE] - /hotel/admin
[22.10.2013 - 15:24:23][!!ERROR!!] - URL NOT FOUND: /hotel/admin
[22.10.2013 - 15:24:23][NOTICE] - /hotel/
[22.10.2013 - 15:24:23][NOTICE] - match: / with /
[22.10.2013 - 15:24:23][NOTICE] - Aberta conexão com banco de dados!
[22.10.2013 - 15:25:19][NOTICE] - /hotel/
[22.10.2013 - 15:25:19][NOTICE] - match: / with /
[22.10.2013 - 15:25:19][NOTICE] - Aberta conexão com banco de dados!
[22.10.2013 - 15:26:00][NOTICE] - /hotel/
[22.10.2013 - 15:26:00][NOTICE] - match: / with /
[22.10.2013 - 15:26:00][NOTICE] - Aberta conexão com banco de dados!
[22.10.2013 - 15:26:03][NOTICE] - /hotel/logout
[22.10.2013 - 15:26:03][!!ERROR!!] - URL NOT FOUND: /hotel/logout
[22.10.2013 - 15:26:03][NOTICE] - /hotel/
[22.10.2013 - 15:26:03][NOTICE] - match: / with /
[22.10.2013 - 15:26:03][NOTICE] - Aberta conexão com banco de dados!
[22.10.2013 - 15:27:26][NOTICE] - /hotel/
[22.10.2013 - 15:27:26][NOTICE] - match: / with /
[22.10.2013 - 15:27:26][NOTICE] - Aberta conexão com banco de dados!
[22.10.2013 - 15:27:29][NOTICE] - /hotel/logout
[22.10.2013 - 15:27:29][NOTICE] - match: /logout with /logout
[22.10.2013 - 15:27:29][NOTICE] - /hotel/login
[22.10.2013 - 15:27:29][NOTICE] - match: /login with /login
[22.10.2013 - 15:27:29][NOTICE] - Aberta conexão com banco de dados!
[22.10.2013 - 15:29:00][NOTICE] - /hotel/login
[22.10.2013 - 15:29:00][NOTICE] - match: /login with /login
[22.10.2013 - 15:29:00][NOTICE] - Aberta conexão com banco de dados!
[22.10.2013 - 15:29:41][NOTICE] - /hotel/login
[22.10.2013 - 15:29:41][NOTICE] - match: /login with /login
[22.10.2013 - 15:29:41][NOTICE] - Aberta conexão com banco de dados!
[22.10.2013 - 15:30:13][NOTICE] - /hotel/login
[22.10.2013 - 15:30:13][NOTICE] - match: /login with /login
[22.10.2013 - 15:30:13][NOTICE] - Aberta conexão com banco de dados!
[22.10.2013 - 15:30:15][NOTICE] - /hotel/login
[22.10.2013 - 15:30:15][NOTICE] - match: /login with /login
[22.10.2013 - 15:30:15][NOTICE] - Aberta conexão com banco de dados!
[22.10.2013 - 15:30:16][NOTICE] - /hotel/fale-conosco
[22.10.2013 - 15:30:16][NOTICE] - match: /fale-conosco with /fale-conosco
[22.10.2013 - 15:30:16][NOTICE] - Aberta conexão com banco de dados!
[22.10.2013 - 15:30:17][NOTICE] - /hotel/login
[22.10.2013 - 15:30:17][NOTICE] - match: /login with /login
[22.10.2013 - 15:30:17][NOTICE] - Aberta conexão com banco de dados!
[22.10.2013 - 15:30:20][NOTICE] - /hotel/sobre
[22.10.2013 - 15:30:20][NOTICE] - match: /sobre with /sobre
[22.10.2013 - 15:30:20][NOTICE] - Aberta conexão com banco de dados!
[22.10.2013 - 15:30:22][NOTICE] - /hotel/acomodacoes/individual
[22.10.2013 - 15:30:22][NOTICE] - match: /acomodacoes/:type with /acomodacoes/individual
[22.10.2013 - 15:30:22][NOTICE] - Aberta conexão com banco de dados!
[22.10.2013 - 15:30:22][NOTICE] - Aberta conexão com banco de dados!
[22.10.2013 - 15:30:22][NOTICE] - Aberta conexão com banco de dados!
[22.10.2013 - 15:30:23][NOTICE] - /hotel/login
[22.10.2013 - 15:30:23][NOTICE] - match: /login with /login
[22.10.2013 - 15:30:23][NOTICE] - Aberta conexão com banco de dados!
[22.10.2013 - 15:30:28][NOTICE] - /hotel/login
[22.10.2013 - 15:30:28][NOTICE] - match: /login with /login
[22.10.2013 - 15:30:28][NOTICE] - Aberta conexão com banco de dados!
[22.10.2013 - 15:30:28][NOTICE] - Usuário: 1 logou no sistema
[22.10.2013 - 15:30:28][NOTICE] - /hotel/
[22.10.2013 - 15:30:28][NOTICE] - match: / with /
[22.10.2013 - 15:30:28][NOTICE] - Aberta conexão com banco de dados!
[22.10.2013 - 15:30:34][NOTICE] - /hotel/admin
[22.10.2013 - 15:30:34][!!ERROR!!] - URL NOT FOUND: /hotel/admin
[22.10.2013 - 15:30:34][NOTICE] - /hotel/
[22.10.2013 - 15:30:34][NOTICE] - match: / with /
[22.10.2013 - 15:30:34][NOTICE] - Aberta conexão com banco de dados!
[22.10.2013 - 15:33:32][NOTICE] - /hotel/
[22.10.2013 - 15:33:32][NOTICE] - match: / with /
[22.10.2013 - 15:33:32][NOTICE] - Aberta conexão com banco de dados!
[22.10.2013 - 15:33:35][NOTICE] - /hotel/admin
[22.10.2013 - 15:33:35][NOTICE] - match: /admin with /admin
[22.10.2013 - 15:33:35][NOTICE] - Aberta conexão com banco de dados!
[22.10.2013 - 15:35:30][NOTICE] - /hotel/admin
[22.10.2013 - 15:35:30][NOTICE] - match: /admin with /admin
[22.10.2013 - 15:35:30][NOTICE] - Aberta conexão com banco de dados!
[22.10.2013 - 15:35:42][NOTICE] - /hotel/admin
[22.10.2013 - 15:35:42][NOTICE] - match: /admin with /admin
[22.10.2013 - 15:35:42][NOTICE] - Aberta conexão com banco de dados!
[22.10.2013 - 15:36:08][NOTICE] - /hotel/admin
[22.10.2013 - 15:36:08][NOTICE] - match: /admin with /admin
[22.10.2013 - 15:36:08][NOTICE] - Aberta conexão com banco de dados!
[22.10.2013 - 15:36:11][NOTICE] - /hotel/admin
[22.10.2013 - 15:36:11][NOTICE] - match: /admin with /admin
[22.10.2013 - 15:36:11][NOTICE] - Aberta conexão com banco de dados!
[22.10.2013 - 15:36:52][NOTICE] - /hotel/sobre
[22.10.2013 - 15:36:52][NOTICE] - match: /sobre with /sobre
[22.10.2013 - 15:36:52][NOTICE] - Aberta conexão com banco de dados!
[22.10.2013 - 15:38:22][NOTICE] - /hotel/sobre
[22.10.2013 - 15:38:22][NOTICE] - match: /sobre with /sobre
[22.10.2013 - 15:38:22][NOTICE] - Aberta conexão com banco de dados!
[22.10.2013 - 15:39:22][NOTICE] - /hotel/acomodacoes/duplo
[22.10.2013 - 15:39:22][NOTICE] - match: /acomodacoes/:type with /acomodacoes/duplo
[22.10.2013 - 15:39:22][NOTICE] - Aberta conexão com banco de dados!
[22.10.2013 - 15:39:22][NOTICE] - Aberta conexão com banco de dados!
[22.10.2013 - 15:39:22][NOTICE] - Aberta conexão com banco de dados!
[22.10.2013 - 15:39:24][NOTICE] - /hotel/
[22.10.2013 - 15:39:24][NOTICE] - match: / with /
[22.10.2013 - 15:39:24][NOTICE] - Aberta conexão com banco de dados!
[22.10.2013 - 15:39:57][NOTICE] - /hotel/
[22.10.2013 - 15:39:57][NOTICE] - match: / with /
[22.10.2013 - 15:39:57][NOTICE] - Aberta conexão com banco de dados!
[22.10.2013 - 15:41:39][NOTICE] - /hotel/
[22.10.2013 - 15:41:39][NOTICE] - match: / with /
[22.10.2013 - 15:41:39][NOTICE] - Aberta conexão com banco de dados!
[22.10.2013 - 15:41:55][NOTICE] - /hotel/admin
[22.10.2013 - 15:41:55][NOTICE] - match: /admin with /admin
[22.10.2013 - 15:41:55][NOTICE] - Aberta conexão com banco de dados!
[22.10.2013 - 15:45:17][NOTICE] - /hotel/admin
[22.10.2013 - 15:45:17][NOTICE] - match: /admin with /admin
[22.10.2013 - 15:45:17][NOTICE] - Aberta conexão com banco de dados!
[22.10.2013 - 15:48:48][NOTICE] - /hotel/admin
[22.10.2013 - 15:48:48][NOTICE] - match: /admin with /admin
[22.10.2013 - 15:48:48][NOTICE] - Aberta conexão com banco de dados!
[22.10.2013 - 15:49:01][NOTICE] - /hotel/admin
[22.10.2013 - 15:49:01][NOTICE] - match: /admin with /admin
[22.10.2013 - 15:49:01][NOTICE] - Aberta conexão com banco de dados!
[22.10.2013 - 15:50:22][NOTICE] - /hotel/admin
[22.10.2013 - 15:50:22][NOTICE] - match: /admin with /admin
[22.10.2013 - 15:50:22][NOTICE] - Aberta conexão com banco de dados!
[22.10.2013 - 15:50:37][NOTICE] - /hotel/admin
[22.10.2013 - 15:50:37][NOTICE] - match: /admin with /admin
[22.10.2013 - 15:50:37][NOTICE] - Aberta conexão com banco de dados!
[22.10.2013 - 15:51:02][NOTICE] - /hotel/admin
[22.10.2013 - 15:51:02][NOTICE] - match: /admin with /admin
[22.10.2013 - 15:51:02][NOTICE] - Aberta conexão com banco de dados!
[22.10.2013 - 15:51:14][NOTICE] - /hotel/admin
[22.10.2013 - 15:51:14][NOTICE] - match: /admin with /admin
[22.10.2013 - 15:51:14][NOTICE] - Aberta conexão com banco de dados!
[22.10.2013 - 15:53:59][NOTICE] - /hotel/admin
[22.10.2013 - 15:53:59][NOTICE] - match: /admin with /admin
[22.10.2013 - 15:53:59][NOTICE] - Aberta conexão com banco de dados!
[22.10.2013 - 15:54:15][NOTICE] - /hotel/logout
[22.10.2013 - 15:54:15][NOTICE] - match: /logout with /logout
[22.10.2013 - 15:54:15][NOTICE] - /hotel/login
[22.10.2013 - 15:54:15][NOTICE] - match: /login with /login
[22.10.2013 - 15:54:15][NOTICE] - Aberta conexão com banco de dados!
[22.10.2013 - 15:54:19][NOTICE] - /hotel/admin/
[22.10.2013 - 15:54:19][!!ERROR!!] - URL NOT FOUND: /hotel/admin/
[22.10.2013 - 15:54:19][NOTICE] - /hotel/
[22.10.2013 - 15:54:19][NOTICE] - match: / with /
[22.10.2013 - 15:54:19][NOTICE] - Aberta conexão com banco de dados!
[22.10.2013 - 15:54:29][NOTICE] - /hotel/admin
[22.10.2013 - 15:54:29][NOTICE] - match: /admin with /admin
[22.10.2013 - 15:54:29][NOTICE] - Aberta conexão com banco de dados!
[22.10.2013 - 15:57:38][NOTICE] - /hotel/admin
[22.10.2013 - 15:57:38][NOTICE] - match: /admin with /admin
[22.10.2013 - 15:57:38][NOTICE] - Aberta conexão com banco de dados!
[22.10.2013 - 15:58:42][NOTICE] - /hotel/admin
[22.10.2013 - 15:58:42][NOTICE] - match: /admin with /admin
[22.10.2013 - 15:58:42][NOTICE] - Aberta conexão com banco de dados!
[22.10.2013 - 15:58:42][NOTICE] - /hotel/login
[22.10.2013 - 15:58:42][NOTICE] - match: /login with /login
[22.10.2013 - 15:58:42][NOTICE] - Aberta conexão com banco de dados!
[22.10.2013 - 15:58:44][NOTICE] - /hotel/
[22.10.2013 - 15:58:44][NOTICE] - match: / with /
[22.10.2013 - 15:58:44][NOTICE] - Aberta conexão com banco de dados!
[22.10.2013 - 15:58:47][NOTICE] - /hotel/admin
[22.10.2013 - 15:58:47][NOTICE] - match: /admin with /admin
[22.10.2013 - 15:58:47][NOTICE] - Aberta conexão com banco de dados!
[22.10.2013 - 15:58:47][NOTICE] - /hotel/login
[22.10.2013 - 15:58:47][NOTICE] - match: /login with /login
[22.10.2013 - 15:58:47][NOTICE] - Aberta conexão com banco de dados!
[22.10.2013 - 15:58:55][NOTICE] - /hotel/login
[22.10.2013 - 15:58:55][NOTICE] - match: /login with /login
[22.10.2013 - 15:58:55][NOTICE] - Aberta conexão com banco de dados!
[22.10.2013 - 15:58:55][NOTICE] - Usuário: 1 logou no sistema
[22.10.2013 - 15:58:55][NOTICE] - /hotel/
[22.10.2013 - 15:58:55][NOTICE] - match: / with /
[22.10.2013 - 15:58:55][NOTICE] - Aberta conexão com banco de dados!
[22.10.2013 - 15:58:57][NOTICE] - /hotel/admin
[22.10.2013 - 15:58:57][NOTICE] - match: /admin with /admin
[22.10.2013 - 15:58:57][NOTICE] - Aberta conexão com banco de dados!
[22.10.2013 - 15:59:26][NOTICE] - /hotel/admin
[22.10.2013 - 15:59:26][NOTICE] - match: /admin with /admin
[22.10.2013 - 15:59:26][NOTICE] - Aberta conexão com banco de dados!
[22.10.2013 - 15:59:37][NOTICE] - /hotel/admin
[22.10.2013 - 15:59:37][NOTICE] - match: /admin with /admin
[22.10.2013 - 15:59:37][NOTICE] - Aberta conexão com banco de dados!
[22.10.2013 - 16:00:37][NOTICE] - /hotel/admin
[22.10.2013 - 16:00:37][NOTICE] - match: /admin with /admin
[22.10.2013 - 16:00:37][NOTICE] - Aberta conexão com banco de dados!
[22.10.2013 - 16:01:24][NOTICE] - /hotel/admin
[22.10.2013 - 16:01:24][NOTICE] - match: /admin with /admin
[22.10.2013 - 16:01:24][NOTICE] - Aberta conexão com banco de dados!
[22.10.2013 - 16:02:15][NOTICE] - /hotel/admin
[22.10.2013 - 16:02:15][NOTICE] - match: /admin with /admin
[22.10.2013 - 16:02:15][NOTICE] - Aberta conexão com banco de dados!
[22.10.2013 - 16:03:13][NOTICE] - /hotel/admin
[22.10.2013 - 16:03:13][NOTICE] - match: /admin with /admin
[22.10.2013 - 16:03:13][NOTICE] - Aberta conexão com banco de dados!
[22.10.2013 - 16:03:32][NOTICE] - /hotel/admin
[22.10.2013 - 16:03:32][NOTICE] - match: /admin with /admin
[22.10.2013 - 16:03:32][NOTICE] - Aberta conexão com banco de dados!
[22.10.2013 - 16:04:27][NOTICE] - /hotel/admin
[22.10.2013 - 16:04:27][NOTICE] - match: /admin with /admin
[22.10.2013 - 16:04:27][NOTICE] - Aberta conexão com banco de dados!
[22.10.2013 - 16:04:48][NOTICE] - /hotel/admin
[22.10.2013 - 16:04:48][NOTICE] - match: /admin with /admin
[22.10.2013 - 16:04:48][NOTICE] - Aberta conexão com banco de dados!
[22.10.2013 - 16:05:18][NOTICE] - /hotel/admin
[22.10.2013 - 16:05:18][NOTICE] - match: /admin with /admin
[22.10.2013 - 16:05:18][NOTICE] - Aberta conexão com banco de dados!
[22.10.2013 - 16:06:12][NOTICE] - /hotel/admin
[22.10.2013 - 16:06:12][NOTICE] - match: /admin with /admin
[22.10.2013 - 16:06:12][NOTICE] - Aberta conexão com banco de dados!
[22.10.2013 - 16:07:50][NOTICE] - /hotel/admin
[22.10.2013 - 16:07:50][NOTICE] - match: /admin with /admin
[22.10.2013 - 16:07:50][NOTICE] - Aberta conexão com banco de dados!
[22.10.2013 - 16:12:33][NOTICE] - /hotel/admin
[22.10.2013 - 16:12:33][NOTICE] - match: /admin with /admin
[22.10.2013 - 16:12:33][NOTICE] - Aberta conexão com banco de dados!
[22.10.2013 - 16:15:28][NOTICE] - /hotel/admin
[22.10.2013 - 16:15:28][NOTICE] - match: /admin with /admin
[22.10.2013 - 16:15:28][NOTICE] - Aberta conexão com banco de dados!
[22.10.2013 - 16:15:30][NOTICE] - /hotel/admin/register
[22.10.2013 - 16:15:30][!!ERROR!!] - URL NOT FOUND: /hotel/admin/register
[22.10.2013 - 16:15:30][NOTICE] - /hotel/
[22.10.2013 - 16:15:30][NOTICE] - match: / with /
[22.10.2013 - 16:15:30][NOTICE] - Aberta conexão com banco de dados!
[22.10.2013 - 16:15:33][NOTICE] - /hotel/admin
[22.10.2013 - 16:15:33][NOTICE] - match: /admin with /admin
[22.10.2013 - 16:15:33][NOTICE] - Aberta conexão com banco de dados!
[22.10.2013 - 16:15:49][NOTICE] - /hotel/admin
[22.10.2013 - 16:15:49][NOTICE] - match: /admin with /admin
[22.10.2013 - 16:15:49][NOTICE] - Aberta conexão com banco de dados!
[22.10.2013 - 16:15:51][NOTICE] - /hotel/admin/cadastrar
[22.10.2013 - 16:15:51][!!ERROR!!] - URL NOT FOUND: /hotel/admin/cadastrar
[22.10.2013 - 16:15:51][NOTICE] - /hotel/
[22.10.2013 - 16:15:51][NOTICE] - match: / with /
[22.10.2013 - 16:15:51][NOTICE] - Aberta conexão com banco de dados!
[22.10.2013 - 16:15:54][NOTICE] - /hotel/admin
[22.10.2013 - 16:15:54][NOTICE] - match: /admin with /admin
[22.10.2013 - 16:15:54][NOTICE] - Aberta conexão com banco de dados!
[22.10.2013 - 16:16:12][NOTICE] - /hotel/admin/cadastrar
[22.10.2013 - 16:16:12][NOTICE] - match: /admin/cadastrar with /admin/cadastrar
[22.10.2013 - 16:16:12][NOTICE] - Aberta conexão com banco de dados!
[22.10.2013 - 16:19:51][NOTICE] - /hotel/admin/cadastrar
[22.10.2013 - 16:19:51][NOTICE] - match: /admin/cadastrar with /admin/cadastrar
[22.10.2013 - 16:19:51][NOTICE] - Aberta conexão com banco de dados!
[22.10.2013 - 16:19:53][NOTICE] - /hotel/admin/cadastrar
[22.10.2013 - 16:19:53][NOTICE] - match: /admin/cadastrar with /admin/cadastrar
[22.10.2013 - 16:19:53][NOTICE] - Aberta conexão com banco de dados!
[22.10.2013 - 16:20:11][NOTICE] - /hotel/admin/cadastrar
[22.10.2013 - 16:20:11][NOTICE] - match: /admin/cadastrar with /admin/cadastrar
[22.10.2013 - 16:20:11][NOTICE] - Aberta conexão com banco de dados!
[22.10.2013 - 16:20:30][NOTICE] - /hotel/admin/cadastrar
[22.10.2013 - 16:20:30][NOTICE] - match: /admin/cadastrar with /admin/cadastrar
[22.10.2013 - 16:20:30][NOTICE] - Aberta conexão com banco de dados!
[22.10.2013 - 16:21:10][NOTICE] - /hotel/admin/cadastrar
[22.10.2013 - 16:21:10][NOTICE] - match: /admin/cadastrar with /admin/cadastrar
[22.10.2013 - 16:21:10][NOTICE] - Aberta conexão com banco de dados!
[22.10.2013 - 16:23:24][NOTICE] - /hotel/admin/cadastrar
[22.10.2013 - 16:23:24][NOTICE] - match: /admin/cadastrar with /admin/cadastrar
[22.10.2013 - 16:23:24][NOTICE] - Aberta conexão com banco de dados!
[22.10.2013 - 16:23:59][NOTICE] - /hotel/admin
[22.10.2013 - 16:23:59][NOTICE] - match: /admin with /admin
[22.10.2013 - 16:23:59][NOTICE] - Aberta conexão com banco de dados!
[22.10.2013 - 16:24:02][NOTICE] - /hotel/admin/cadastrar
[22.10.2013 - 16:24:02][NOTICE] - match: /admin/cadastrar with /admin/cadastrar
[22.10.2013 - 16:24:02][NOTICE] - Aberta conexão com banco de dados!
[22.10.2013 - 16:25:07][NOTICE] - /hotel/admin/cadastrar
[22.10.2013 - 16:25:07][NOTICE] - match: /admin/cadastrar with /admin/cadastrar
[22.10.2013 - 16:25:07][NOTICE] - Aberta conexão com banco de dados!
[22.10.2013 - 16:25:34][NOTICE] - /hotel/admin/
[22.10.2013 - 16:25:34][!!ERROR!!] - URL NOT FOUND: /hotel/admin/
[22.10.2013 - 16:25:34][NOTICE] - /hotel/
[22.10.2013 - 16:25:34][NOTICE] - match: / with /
[22.10.2013 - 16:25:34][NOTICE] - Aberta conexão com banco de dados!
[22.10.2013 - 16:25:38][NOTICE] - /hotel/admin
[22.10.2013 - 16:25:38][NOTICE] - match: /admin with /admin
[22.10.2013 - 16:25:38][NOTICE] - Aberta conexão com banco de dados!
[22.10.2013 - 16:25:40][NOTICE] - /hotel/admin/cadastrar
[22.10.2013 - 16:25:40][NOTICE] - match: /admin/cadastrar with /admin/cadastrar
[22.10.2013 - 16:25:40][NOTICE] - Aberta conexão com banco de dados!
[22.10.2013 - 16:25:59][NOTICE] - /hotel/admin/cadastrar
[22.10.2013 - 16:25:59][NOTICE] - match: /admin/cadastrar with /admin/cadastrar
[22.10.2013 - 16:25:59][NOTICE] - Aberta conexão com banco de dados!
[22.10.2013 - 16:26:34][NOTICE] - /hotel/admin/cadastrar
[22.10.2013 - 16:26:34][NOTICE] - match: /admin/cadastrar with /admin/cadastrar
[22.10.2013 - 16:26:34][NOTICE] - Aberta conexão com banco de dados!
[22.10.2013 - 16:28:43][NOTICE] - /hotel/admin/cadastrar
[22.10.2013 - 16:28:43][NOTICE] - match: /admin/cadastrar with /admin/cadastrar
[22.10.2013 - 16:28:43][NOTICE] - Aberta conexão com banco de dados!
[22.10.2013 - 16:28:47][NOTICE] - /hotel/acomodacoes/individual
[22.10.2013 - 16:28:47][NOTICE] - match: /acomodacoes/:type with /acomodacoes/individual
[22.10.2013 - 16:28:47][NOTICE] - Aberta conexão com banco de dados!
[22.10.2013 - 16:28:47][NOTICE] - Aberta conexão com banco de dados!
[22.10.2013 - 16:28:47][NOTICE] - Aberta conexão com banco de dados!
[22.10.2013 - 16:28:49][NOTICE] - /hotel/
[22.10.2013 - 16:28:49][NOTICE] - match: / with /
[22.10.2013 - 16:28:49][NOTICE] - Aberta conexão com banco de dados!
[22.10.2013 - 16:28:52][NOTICE] - /hotel/admin
[22.10.2013 - 16:28:52][NOTICE] - match: /admin with /admin
[22.10.2013 - 16:28:52][NOTICE] - Aberta conexão com banco de dados!
[22.10.2013 - 16:28:54][NOTICE] - /hotel/admin/cadastrar
[22.10.2013 - 16:28:54][NOTICE] - match: /admin/cadastrar with /admin/cadastrar
[22.10.2013 - 16:28:54][NOTICE] - Aberta conexão com banco de dados!
[22.10.2013 - 16:29:34][NOTICE] - /hotel/admin/cadastrar
[22.10.2013 - 16:29:34][NOTICE] - match: /admin/cadastrar with /admin/cadastrar
[22.10.2013 - 16:29:34][NOTICE] - Aberta conexão com banco de dados!
[22.10.2013 - 16:33:29][NOTICE] - /hotel/admin/cadastrar/user
[22.10.2013 - 16:33:29][NOTICE] - match: /admin/cadastrar/:form with /admin/cadastrar/user
[22.10.2013 - 16:33:29][NOTICE] - Aberta conexão com banco de dados!
[22.10.2013 - 16:34:10][NOTICE] - /hotel/admin/cadastrar/user
[22.10.2013 - 16:34:10][NOTICE] - match: /admin/cadastrar/:form with /admin/cadastrar/user
[22.10.2013 - 16:34:23][NOTICE] - /hotel/admin/cadastrar/user
[22.10.2013 - 16:34:23][NOTICE] - match: /admin/cadastrar/:form with /admin/cadastrar/user
[22.10.2013 - 16:34:53][NOTICE] - /hotel/admin/cadastrar/user
[22.10.2013 - 16:34:53][NOTICE] - match: /admin/cadastrar/:form with /admin/cadastrar/user
[22.10.2013 - 16:35:43][NOTICE] - /hotel/admin/cadastrar/user
[22.10.2013 - 16:35:43][NOTICE] - match: /admin/cadastrar/:form with /admin/cadastrar/user
[22.10.2013 - 16:36:10][NOTICE] - /hotel/admin/cadastrar/user
[22.10.2013 - 16:36:10][NOTICE] - match: /admin/cadastrar/:form with /admin/cadastrar/user
[22.10.2013 - 16:36:10][NOTICE] - Aberta conexão com banco de dados!
[22.10.2013 - 16:40:52][NOTICE] - /hotel/admin/cadastrar/user
[22.10.2013 - 16:40:52][NOTICE] - match: /admin/cadastrar/:form with /admin/cadastrar/user
[22.10.2013 - 16:40:52][NOTICE] - Aberta conexão com banco de dados!
[22.10.2013 - 16:40:56][NOTICE] - /hotel/admin/cadastrar
[22.10.2013 - 16:40:56][!!ERROR!!] - URL NOT FOUND: /hotel/admin/cadastrar
[22.10.2013 - 16:40:56][NOTICE] - /hotel/
[22.10.2013 - 16:40:56][NOTICE] - match: / with /
[22.10.2013 - 16:40:56][NOTICE] - Aberta conexão com banco de dados!
[22.10.2013 - 16:41:01][NOTICE] - /hotel/cadastrar
[22.10.2013 - 16:41:01][!!ERROR!!] - URL NOT FOUND: /hotel/cadastrar
[22.10.2013 - 16:41:02][NOTICE] - /hotel/
[22.10.2013 - 16:41:02][NOTICE] - match: / with /
[22.10.2013 - 16:41:02][NOTICE] - Aberta conexão com banco de dados!
[22.10.2013 - 16:41:23][NOTICE] - /hotel/
[22.10.2013 - 16:41:23][NOTICE] - match: / with /
[22.10.2013 - 16:41:23][NOTICE] - Aberta conexão com banco de dados!
[22.10.2013 - 16:41:26][NOTICE] - /hotel/cadastrar
[22.10.2013 - 16:41:26][!!ERROR!!] - URL NOT FOUND: /hotel/cadastrar
[22.10.2013 - 16:41:26][NOTICE] - /hotel/
[22.10.2013 - 16:41:26][NOTICE] - match: / with /
[22.10.2013 - 16:41:26][NOTICE] - Aberta conexão com banco de dados!
[22.10.2013 - 16:41:38][NOTICE] - /hotel/cadastrar/quadsdas
[22.10.2013 - 16:41:38][!!ERROR!!] - URL NOT FOUND: /hotel/cadastrar/quadsdas
[22.10.2013 - 16:41:38][NOTICE] - /hotel/
[22.10.2013 - 16:41:38][NOTICE] - match: / with /
[22.10.2013 - 16:41:38][NOTICE] - Aberta conexão com banco de dados!
[22.10.2013 - 16:41:40][NOTICE] - /hotel/
[22.10.2013 - 16:41:40][NOTICE] - match: / with /
[22.10.2013 - 16:41:40][NOTICE] - Aberta conexão com banco de dados!
[22.10.2013 - 16:41:50][NOTICE] - /hotel/admin/cadastrar
[22.10.2013 - 16:41:50][!!ERROR!!] - URL NOT FOUND: /hotel/admin/cadastrar
[22.10.2013 - 16:41:50][NOTICE] - /hotel/
[22.10.2013 - 16:41:50][NOTICE] - match: / with /
[22.10.2013 - 16:41:50][NOTICE] - Aberta conexão com banco de dados!
[22.10.2013 - 16:41:54][NOTICE] - /hotel/admin
[22.10.2013 - 16:41:54][NOTICE] - match: /admin with /admin
[22.10.2013 - 16:41:54][NOTICE] - Aberta conexão com banco de dados!
[22.10.2013 - 16:41:56][NOTICE] - /hotel/admin/cadastrar
[22.10.2013 - 16:41:56][!!ERROR!!] - URL NOT FOUND: /hotel/admin/cadastrar
[22.10.2013 - 16:41:56][NOTICE] - /hotel/
[22.10.2013 - 16:41:56][NOTICE] - match: / with /
[22.10.2013 - 16:41:56][NOTICE] - Aberta conexão com banco de dados!
[22.10.2013 - 16:42:05][NOTICE] - /hotel/admin
[22.10.2013 - 16:42:05][NOTICE] - match: /admin with /admin
[22.10.2013 - 16:42:05][NOTICE] - Aberta conexão com banco de dados!
[22.10.2013 - 16:42:06][NOTICE] - /hotel/admin/cadastrar
[22.10.2013 - 16:42:06][NOTICE] - match: /admin/cadastrar with /admin/cadastrar
[22.10.2013 - 16:42:06][NOTICE] - Aberta conexão com banco de dados!
[22.10.2013 - 16:42:38][NOTICE] - /hotel/admin/cadastrar
[22.10.2013 - 16:42:38][NOTICE] - match: /admin/cadastrar with /admin/cadastrar
[22.10.2013 - 16:42:38][NOTICE] - Aberta conexão com banco de dados!
[22.10.2013 - 16:44:23][NOTICE] - /hotel/admin/cadastrar
[22.10.2013 - 16:44:23][NOTICE] - match: /admin/cadastrar with /admin/cadastrar
[22.10.2013 - 16:44:23][NOTICE] - Aberta conexão com banco de dados!
[22.10.2013 - 16:44:49][NOTICE] - /hotel/admin/cadastrar
[22.10.2013 - 16:44:49][NOTICE] - match: /admin/cadastrar with /admin/cadastrar
[22.10.2013 - 16:44:49][NOTICE] - Aberta conexão com banco de dados!
[22.10.2013 - 16:44:50][NOTICE] - /hotel/admin/cadastrar/tipo-de-quarto
[22.10.2013 - 16:44:50][NOTICE] - match: /admin/cadastrar/:form with /admin/cadastrar/tipo-de-quarto
[22.10.2013 - 16:44:50][NOTICE] - Aberta conexão com banco de dados!
[22.10.2013 - 16:45:21][NOTICE] - /hotel/admin/cadastrar/tipo-de-quarto
[22.10.2013 - 16:45:21][NOTICE] - match: /admin/cadastrar/:form with /admin/cadastrar/tipo-de-quarto
[22.10.2013 - 16:45:29][NOTICE] - /hotel/admin/cadastrar/tipo-de-quarto
[22.10.2013 - 16:45:29][NOTICE] - match: /admin/cadastrar/:form with /admin/cadastrar/tipo-de-quarto
[22.10.2013 - 16:45:29][NOTICE] - Aberta conexão com banco de dados!
[22.10.2013 - 16:45:31][NOTICE] - /hotel/admin/cadastrar/servico
[22.10.2013 - 16:45:31][NOTICE] - match: /admin/cadastrar/:form with /admin/cadastrar/servico
[22.10.2013 - 16:45:31][NOTICE] - Aberta conexão com banco de dados!
[22.10.2013 - 16:45:41][NOTICE] - /hotel/admin/cadastrar/servico
[22.10.2013 - 16:45:41][NOTICE] - match: /admin/cadastrar/:form with /admin/cadastrar/servico
[22.10.2013 - 16:45:41][NOTICE] - Aberta conexão com banco de dados!
[22.10.2013 - 16:45:43][NOTICE] - /hotel/admin/cadastrar/servico
[22.10.2013 - 16:45:43][NOTICE] - match: /admin/cadastrar/:form with /admin/cadastrar/servico
[22.10.2013 - 16:45:43][NOTICE] - Aberta conexão com banco de dados!
[22.10.2013 - 16:45:44][NOTICE] - /hotel/admin/cadastrar/produto
[22.10.2013 - 16:45:44][NOTICE] - match: /admin/cadastrar/:form with /admin/cadastrar/produto
[22.10.2013 - 16:45:44][NOTICE] - Aberta conexão com banco de dados!
[22.10.2013 - 16:45:45][NOTICE] - /hotel/admin/cadastrar/usuario
[22.10.2013 - 16:45:45][NOTICE] - match: /admin/cadastrar/:form with /admin/cadastrar/usuario
[22.10.2013 - 16:45:45][NOTICE] - Aberta conexão com banco de dados!
[22.10.2013 - 16:47:19][NOTICE] - /hotel/admin/cadastrar/usuario
[22.10.2013 - 16:47:19][NOTICE] - match: /admin/cadastrar/:form with /admin/cadastrar/usuario
[22.10.2013 - 16:47:19][NOTICE] - Aberta conexão com banco de dados!
[22.10.2013 - 16:53:25][NOTICE] - /hotel/admin/cadastrar/usuario
[22.10.2013 - 16:53:25][NOTICE] - match: /admin/cadastrar/:form with /admin/cadastrar/usuario
[22.10.2013 - 16:53:25][NOTICE] - Aberta conexão com banco de dados!
[22.10.2013 - 16:53:53][NOTICE] - /hotel/admin/cadastrar/usuario
[22.10.2013 - 16:53:53][NOTICE] - match: /admin/cadastrar/:form with /admin/cadastrar/usuario
[22.10.2013 - 16:53:53][NOTICE] - Aberta conexão com banco de dados!
[22.10.2013 - 16:53:55][NOTICE] - /hotel/admin/cadastrar/produto
[22.10.2013 - 16:53:55][NOTICE] - match: /admin/cadastrar/:form with /admin/cadastrar/produto
[22.10.2013 - 16:53:55][NOTICE] - Aberta conexão com banco de dados!
[22.10.2013 - 16:53:57][NOTICE] - /hotel/admin/cadastrar/servico
[22.10.2013 - 16:53:57][NOTICE] - match: /admin/cadastrar/:form with /admin/cadastrar/servico
[22.10.2013 - 16:53:57][NOTICE] - Aberta conexão com banco de dados!
[22.10.2013 - 16:53:58][NOTICE] - /hotel/admin/cadastrar/usuario
[22.10.2013 - 16:53:58][NOTICE] - match: /admin/cadastrar/:form with /admin/cadastrar/usuario
[22.10.2013 - 16:53:58][NOTICE] - Aberta conexão com banco de dados!
[22.10.2013 - 16:54:14][NOTICE] - /hotel/admin/cadastrar/produto
[22.10.2013 - 16:54:14][NOTICE] - match: /admin/cadastrar/:form with /admin/cadastrar/produto
[22.10.2013 - 16:54:14][NOTICE] - Aberta conexão com banco de dados!
[22.10.2013 - 16:54:14][NOTICE] - /hotel/admin/cadastrar/tipo-de-quarto
[22.10.2013 - 16:54:14][NOTICE] - match: /admin/cadastrar/:form with /admin/cadastrar/tipo-de-quarto
[22.10.2013 - 16:54:14][NOTICE] - Aberta conexão com banco de dados!
[22.10.2013 - 16:54:15][NOTICE] - /hotel/admin/cadastrar/tipo-de-quarto
[22.10.2013 - 16:54:15][NOTICE] - match: /admin/cadastrar/:form with /admin/cadastrar/tipo-de-quarto
[22.10.2013 - 16:54:15][NOTICE] - Aberta conexão com banco de dados!
[22.10.2013 - 16:54:49][NOTICE] - /hotel/admin/cadastrar/produto
[22.10.2013 - 16:54:49][NOTICE] - match: /admin/cadastrar/:form with /admin/cadastrar/produto
[22.10.2013 - 16:54:49][NOTICE] - Aberta conexão com banco de dados!
[22.10.2013 - 16:54:50][NOTICE] - /hotel/admin/cadastrar/servico
[22.10.2013 - 16:54:50][NOTICE] - match: /admin/cadastrar/:form with /admin/cadastrar/servico
[22.10.2013 - 16:54:50][NOTICE] - Aberta conexão com banco de dados!
[22.10.2013 - 16:54:51][NOTICE] - /hotel/admin/cadastrar/servico
[22.10.2013 - 16:54:51][NOTICE] - match: /admin/cadastrar/:form with /admin/cadastrar/servico
[22.10.2013 - 16:54:51][NOTICE] - Aberta conexão com banco de dados!
[22.10.2013 - 16:54:52][NOTICE] - /hotel/admin/cadastrar/usuario
[22.10.2013 - 16:54:52][NOTICE] - match: /admin/cadastrar/:form with /admin/cadastrar/usuario
[22.10.2013 - 16:54:52][NOTICE] - Aberta conexão com banco de dados!
[22.10.2013 - 16:54:53][NOTICE] - /hotel/admin/cadastrar/produto
[22.10.2013 - 16:54:53][NOTICE] - match: /admin/cadastrar/:form with /admin/cadastrar/produto
[22.10.2013 - 16:54:53][NOTICE] - Aberta conexão com banco de dados!
[22.10.2013 - 16:54:55][NOTICE] - /hotel/admin/cadastrar/tipo-de-quarto
[22.10.2013 - 16:54:55][NOTICE] - match: /admin/cadastrar/:form with /admin/cadastrar/tipo-de-quarto
[22.10.2013 - 16:54:55][NOTICE] - Aberta conexão com banco de dados!
[22.10.2013 - 16:55:15][NOTICE] - /hotel/admin/cadastrar
[22.10.2013 - 16:55:15][NOTICE] - match: /admin/cadastrar with /admin/cadastrar
[22.10.2013 - 16:55:15][NOTICE] - Aberta conexão com banco de dados!
[22.10.2013 - 16:55:17][NOTICE] - /hotel/admin/cadastrar
[22.10.2013 - 16:55:17][NOTICE] - match: /admin/cadastrar with /admin/cadastrar
[22.10.2013 - 16:55:17][NOTICE] - Aberta conexão com banco de dados!
[22.10.2013 - 17:02:01][NOTICE] - /hotel/admin/cadastrar
[22.10.2013 - 17:02:01][NOTICE] - match: /admin/cadastrar with /admin/cadastrar
[22.10.2013 - 17:02:01][NOTICE] - Aberta conexão com banco de dados!
[22.10.2013 - 17:02:29][NOTICE] - /hotel/admin/cadastrar
[22.10.2013 - 17:02:29][NOTICE] - match: /admin/cadastrar with /admin/cadastrar
[22.10.2013 - 17:02:29][NOTICE] - Aberta conexão com banco de dados!
[22.10.2013 - 17:03:06][NOTICE] - /hotel/admin/cadastrar
[22.10.2013 - 17:03:06][NOTICE] - match: /admin/cadastrar with /admin/cadastrar
[22.10.2013 - 17:03:06][NOTICE] - Aberta conexão com banco de dados!
[22.10.2013 - 17:03:07][NOTICE] - /hotel/admin/cadastrar/tipo-de-quarto
[22.10.2013 - 17:03:07][NOTICE] - match: /admin/cadastrar/:form with /admin/cadastrar/tipo-de-quarto
[22.10.2013 - 17:03:08][NOTICE] - Aberta conexão com banco de dados!
[22.10.2013 - 17:03:08][NOTICE] - /hotel/admin/cadastrar/produto
[22.10.2013 - 17:03:08][NOTICE] - match: /admin/cadastrar/:form with /admin/cadastrar/produto
[22.10.2013 - 17:03:09][NOTICE] - Aberta conexão com banco de dados!
[22.10.2013 - 17:03:10][NOTICE] - /hotel/admin/cadastrar/servico
[22.10.2013 - 17:03:10][NOTICE] - match: /admin/cadastrar/:form with /admin/cadastrar/servico
[22.10.2013 - 17:03:10][NOTICE] - Aberta conexão com banco de dados!
[22.10.2013 - 17:03:10][NOTICE] - /hotel/admin/cadastrar/usuario
[22.10.2013 - 17:03:10][NOTICE] - match: /admin/cadastrar/:form with /admin/cadastrar/usuario
[22.10.2013 - 17:03:10][NOTICE] - Aberta conexão com banco de dados!
[22.10.2013 - 17:03:13][NOTICE] - /hotel/admin
[22.10.2013 - 17:03:13][NOTICE] - match: /admin with /admin
[22.10.2013 - 17:03:13][NOTICE] - Aberta conexão com banco de dados!
[22.10.2013 - 17:03:16][NOTICE] - /hotel/admin/cadastrar
[22.10.2013 - 17:03:16][NOTICE] - match: /admin/cadastrar with /admin/cadastrar
[22.10.2013 - 17:03:16][NOTICE] - Aberta conexão com banco de dados!
[22.10.2013 - 17:03:41][NOTICE] - /hotel/admin/cadastrar/tipo-de-quarto
[22.10.2013 - 17:03:41][NOTICE] - match: /admin/cadastrar/:form with /admin/cadastrar/tipo-de-quarto
[22.10.2013 - 17:03:41][NOTICE] - Aberta conexão com banco de dados!
[22.10.2013 - 17:03:42][NOTICE] - /hotel/admin/cadastrar/produto
[22.10.2013 - 17:03:42][NOTICE] - match: /admin/cadastrar/:form with /admin/cadastrar/produto
[22.10.2013 - 17:03:42][NOTICE] - Aberta conexão com banco de dados!
[22.10.2013 - 17:03:43][NOTICE] - /hotel/admin/cadastrar/servico
[22.10.2013 - 17:03:43][NOTICE] - match: /admin/cadastrar/:form with /admin/cadastrar/servico
[22.10.2013 - 17:03:43][NOTICE] - Aberta conexão com banco de dados!
[22.10.2013 - 17:03:45][NOTICE] - /hotel/admin/cadastrar/usuario
[22.10.2013 - 17:03:45][NOTICE] - match: /admin/cadastrar/:form with /admin/cadastrar/usuario
[22.10.2013 - 17:03:45][NOTICE] - Aberta conexão com banco de dados!
[22.10.2013 - 17:04:43][NOTICE] - /hotel/admin/cadastrar/usuario
[22.10.2013 - 17:04:43][NOTICE] - match: /admin/cadastrar/:form with /admin/cadastrar/usuario
[22.10.2013 - 17:04:43][NOTICE] - Aberta conexão com banco de dados!
[22.10.2013 - 17:04:47][NOTICE] - /hotel/admin/cadastrar
[22.10.2013 - 17:04:47][NOTICE] - match: /admin/cadastrar with /admin/cadastrar
[22.10.2013 - 17:04:47][NOTICE] - Aberta conexão com banco de dados!
[22.10.2013 - 17:04:48][NOTICE] - /hotel/admin/cadastrar/produto
[22.10.2013 - 17:04:48][NOTICE] - match: /admin/cadastrar/:form with /admin/cadastrar/produto
[22.10.2013 - 17:04:48][NOTICE] - Aberta conexão com banco de dados!
[22.10.2013 - 17:04:49][NOTICE] - /hotel/admin/cadastrar/servico
[22.10.2013 - 17:04:49][NOTICE] - match: /admin/cadastrar/:form with /admin/cadastrar/servico
[22.10.2013 - 17:04:49][NOTICE] - Aberta conexão com banco de dados!
[22.10.2013 - 17:04:50][NOTICE] - /hotel/admin/cadastrar/tipo-de-quarto
[22.10.2013 - 17:04:50][NOTICE] - match: /admin/cadastrar/:form with /admin/cadastrar/tipo-de-quarto
[22.10.2013 - 17:04:50][NOTICE] - Aberta conexão com banco de dados!
[22.10.2013 - 17:05:05][NOTICE] - /hotel/admin/cadastrar/tipo-de-quarto
[22.10.2013 - 17:05:05][NOTICE] - match: /admin/cadastrar/:form with /admin/cadastrar/tipo-de-quarto
[22.10.2013 - 17:05:05][NOTICE] - Aberta conexão com banco de dados!
[22.10.2013 - 17:06:58][NOTICE] - /hotel/admin/cadastrar/tipo-de-quarto
[22.10.2013 - 17:06:58][NOTICE] - match: /admin/cadastrar/:form with /admin/cadastrar/tipo-de-quarto
[22.10.2013 - 17:06:58][NOTICE] - Aberta conexão com banco de dados!
[22.10.2013 - 17:07:01][NOTICE] - /hotel/admin/cadastrar/cliente
[22.10.2013 - 17:07:01][NOTICE] - match: /admin/cadastrar/:form with /admin/cadastrar/cliente
[22.10.2013 - 17:07:01][NOTICE] - Aberta conexão com banco de dados!
[22.10.2013 - 17:07:43][NOTICE] - /hotel/admin/cadastrar/servico
[22.10.2013 - 17:07:43][NOTICE] - match: /admin/cadastrar/:form with /admin/cadastrar/servico
[22.10.2013 - 17:07:43][NOTICE] - Aberta conexão com banco de dados!
[22.10.2013 - 17:07:44][NOTICE] - /hotel/admin/cadastrar/tipo-de-quarto
[22.10.2013 - 17:07:44][NOTICE] - match: /admin/cadastrar/:form with /admin/cadastrar/tipo-de-quarto
[22.10.2013 - 17:07:44][NOTICE] - Aberta conexão com banco de dados!
[22.10.2013 - 17:07:45][NOTICE] - /hotel/admin/cadastrar/usuario
[22.10.2013 - 17:07:45][NOTICE] - match: /admin/cadastrar/:form with /admin/cadastrar/usuario
[22.10.2013 - 17:07:45][NOTICE] - Aberta conexão com banco de dados!
[22.10.2013 - 17:07:48][NOTICE] - /hotel/fale-conosco
[22.10.2013 - 17:07:48][NOTICE] - match: /fale-conosco with /fale-conosco
[22.10.2013 - 17:07:48][NOTICE] - Aberta conexão com banco de dados!
[22.10.2013 - 17:07:50][NOTICE] - /hotel/fale-conosco
[22.10.2013 - 17:07:50][NOTICE] - match: /fale-conosco with /fale-conosco
[22.10.2013 - 17:07:50][NOTICE] - Aberta conexão com banco de dados!
[22.10.2013 - 17:07:54][NOTICE] - /hotel/admin
[22.10.2013 - 17:07:54][NOTICE] - match: /admin with /admin
[22.10.2013 - 17:07:54][NOTICE] - Aberta conexão com banco de dados!
[22.10.2013 - 17:08:32][NOTICE] - /hotel/admin
[22.10.2013 - 17:08:32][NOTICE] - match: /admin with /admin
[22.10.2013 - 17:08:32][NOTICE] - Aberta conexão com banco de dados!
[22.10.2013 - 17:08:45][NOTICE] - /hotel/logout
[22.10.2013 - 17:08:45][NOTICE] - match: /logout with /logout
[22.10.2013 - 17:08:45][NOTICE] - /hotel/login
[22.10.2013 - 17:08:45][NOTICE] - match: /login with /login
[22.10.2013 - 17:08:45][NOTICE] - Aberta conexão com banco de dados!
[22.10.2013 - 17:08:48][NOTICE] - /hotel/acomodacoes/individual
[22.10.2013 - 17:08:48][NOTICE] - match: /acomodacoes/:type with /acomodacoes/individual
[22.10.2013 - 17:08:48][NOTICE] - Aberta conexão com banco de dados!
[22.10.2013 - 17:08:48][NOTICE] - Aberta conexão com banco de dados!
[22.10.2013 - 17:08:48][NOTICE] - Aberta conexão com banco de dados!
[22.10.2013 - 17:08:49][NOTICE] - /hotel/acomodacoes/duplo
[22.10.2013 - 17:08:49][NOTICE] - match: /acomodacoes/:type with /acomodacoes/duplo
[22.10.2013 - 17:08:49][NOTICE] - Aberta conexão com banco de dados!
[22.10.2013 - 17:08:49][NOTICE] - Aberta conexão com banco de dados!
[22.10.2013 - 17:08:49][NOTICE] - Aberta conexão com banco de dados!
[22.10.2013 - 17:08:50][NOTICE] - /hotel/
[22.10.2013 - 17:08:50][NOTICE] - match: / with /
[22.10.2013 - 17:08:50][NOTICE] - Aberta conexão com banco de dados!
